[2026-01-23 11:29:13] Generisan ključ za XXTEA enkripciju
[2026-01-23 11:29:13] Generisan inicijalizacijski vektor (IV)
[2026-01-23 11:32:49] Generisan ključ za XXTEA enkripciju
[2026-01-23 11:32:49] Generisan inicijalizacijski vektor (IV)
[2026-01-23 11:35:22] Čitam datoteku: test.txt
[2026-01-23 11:35:22] Zapisao datoteku: encrypted/test.enc
[2026-01-23 11:36:03] Aplikacija zatvorena
[2026-01-23 11:39:07] Generisan ključ za XXTEA enkripciju
[2026-01-23 11:39:07] Generisan inicijalizacijski vektor (IV)
[2026-01-23 11:40:56] Čitam datoteku: /Users/stankoo/Documents/Zastita19370/encrypted/test.enc
[2026-01-23 11:40:56] Zapisao datoteku: decrypted/test.txt
[2026-01-23 12:03:11] Generisan ključ za XXTEA enkripciju
[2026-01-23 12:03:11] Generisan inicijalizacijski vektor (IV)
[2026-01-23 12:03:30] Generisan ključ za XXTEA enkripciju
[2026-01-23 12:03:30] Generisan inicijalizacijski vektor (IV)
[2026-01-23 12:04:39] Povezivanje na server port 5000...
[2026-01-23 12:04:39] Datoteka poslana: /Users/stankoo/Documents/Zastita19370/encrypted/test.enc
[2026-01-23 12:05:33] TCP Server pokrenut na portu 5000
[2026-01-23 12:05:54] Generisan ključ za XXTEA enkripciju
[2026-01-23 12:05:54] Generisan inicijalizacijski vektor (IV)
[2026-01-23 12:06:06] TCP Server pokrenut na portu 5000
[2026-01-23 12:06:17] Aplikacija zatvorena
[2026-01-23 12:06:21] Generisan ključ za XXTEA enkripciju
[2026-01-23 12:06:21] Generisan inicijalizacijski vektor (IV)
[2026-01-23 12:06:27] TCP Server pokrenut na portu 5000
[2026-01-23 12:06:34] Generisan ključ za XXTEA enkripciju
[2026-01-23 12:06:34] Generisan inicijalizacijski vektor (IV)
[2026-01-23 12:06:37] TCP Server pokrenut na portu 5001
[2026-01-23 12:06:42] Generisan ključ za XXTEA enkripciju
[2026-01-23 12:06:42] Generisan inicijalizacijski vektor (IV)
[2026-02-10 23:33:26] Generisan ključ za XXTEA enkripciju
[2026-02-10 23:33:26] Generisan inicijalizacijski vektor (IV)
